<?xml version="1.0" encoding="utf-8"?><testsuites name="pytest tests"><testsuite name="pytest" errors="0" failures="0" skipped="0" tests="37" time="7.064" timestamp="2026-04-26T16:41:41.507002+00:00" hostname="agent-env-25629a4c-fa2d-4346-9517-3c738ac987e9"><testcase classname="backend.tests.backend_test.TestHealth" name="test_root" time="0.696" /><testcase classname="backend.tests.backend_test.TestAuth" name="test_register_new_user_sets_cookies" time="0.379" /><testcase classname="backend.tests.backend_test.TestAuth" name="test_register_duplicate_rejected" time="0.519" /><testcase classname="backend.tests.backend_test.TestAuth" name="test_admin_login_returns_admin_role" time="0.369" /><testcase classname="backend.tests.backend_test.TestAuth" name="test_login_invalid_credentials" time="0.360" /><testcase classname="backend.tests.backend_test.TestAuth" name="test_me_unauthenticated_returns_401" time="0.237" /><testcase classname="backend.tests.backend_test.TestAuth" name="test_logout_clears_cookies" time="0.408" /><testcase classname="backend.tests.backend_test.TestAuth" name="test_github_start_returns_auth_url" time="0.109" /><testcase classname="backend.tests.backend_test.TestPublicCMS" name="test_pricing_no_id" time="0.121" /><testcase classname="backend.tests.backend_test.TestPublicCMS" name="test_faqs_no_id" time="0.166" /><testcase classname="backend.tests.backend_test.TestPublicCMS" name="test_docs_list_no_id" time="0.124" /><testcase classname="backend.tests.backend_test.TestPublicCMS" name="test_doc_detail" time="0.111" /><testcase classname="backend.tests.backend_test.TestPublicCMS" name="test_doc_not_found" time="0.109" /><testcase classname="backend.tests.backend_test.TestPublicCMS" name="test_contact_no_id" time="0.100" /><testcase classname="backend.tests.backend_test.TestPublicCMS" name="test_static_pages[about]" time="0.136" /><testcase classname="backend.tests.backend_test.TestPublicCMS" name="test_static_pages[terms]" time="0.198" /><testcase classname="backend.tests.backend_test.TestPublicCMS" name="test_static_pages[privacy]" time="0.124" /><testcase classname="backend.tests.backend_test.TestDownloads" name="test_downloads_requires_auth" time="0.109" /><testcase classname="backend.tests.backend_test.TestDownloads" name="test_downloads_with_user_session" time="0.383" /><testcase classname="backend.tests.backend_test.TestAdminRBAC" name="test_admin_writes_reject_anonymous[/admin/pricing-payload0]" time="0.101" /><testcase classname="backend.tests.backend_test.TestAdminRBAC" name="test_admin_writes_reject_anonymous[/admin/faqs-payload1]" time="0.130" /><testcase classname="backend.tests.backend_test.TestAdminRBAC" name="test_admin_writes_reject_anonymous[/admin/docs-payload2]" time="0.173" /><testcase classname="backend.tests.backend_test.TestAdminRBAC" name="test_admin_writes_reject_anonymous[/admin/contact-payload3]" time="0.106" /><testcase classname="backend.tests.backend_test.TestAdminRBAC" name="test_admin_writes_reject_anonymous[/admin/pages/about-payload4]" time="0.101" /><testcase classname="backend.tests.backend_test.TestAdminRBAC" name="test_admin_writes_reject_anonymous[/admin/downloads-payload5]" time="0.105" /><testcase classname="backend.tests.backend_test.TestAdminRBAC" name="test_admin_writes_reject_user[/admin/pricing-payload0]" time="0.052" /><testcase classname="backend.tests.backend_test.TestAdminRBAC" name="test_admin_writes_reject_user[/admin/faqs-payload1]" time="0.049" /><testcase classname="backend.tests.backend_test.TestAdminRBAC" name="test_admin_writes_reject_user[/admin/docs-payload2]" time="0.050" /><testcase classname="backend.tests.backend_test.TestAdminRBAC" name="test_admin_writes_reject_user[/admin/contact-payload3]" time="0.046" /><testcase classname="backend.tests.backend_test.TestAdminRBAC" name="test_admin_writes_reject_user[/admin/pages/about-payload4]" time="0.048" /><testcase classname="backend.tests.backend_test.TestAdminRBAC" name="test_admin_writes_reject_user[/admin/downloads-payload5]" time="0.048" /><testcase classname="backend.tests.backend_test.TestAdminWrites" name="test_pricing_update_and_persist" time="0.315" /><testcase classname="backend.tests.backend_test.TestAdminWrites" name="test_faqs_update" time="0.160" /><testcase classname="backend.tests.backend_test.TestAdminWrites" name="test_docs_bulk_update" time="0.204" /><testcase classname="backend.tests.backend_test.TestAdminWrites" name="test_contact_update" time="0.155" /><testcase classname="backend.tests.backend_test.TestAdminWrites" name="test_pages_update" time="0.172" /><testcase classname="backend.tests.backend_test.TestAdminWrites" name="test_downloads_update" time="0.097" /></testsuite></testsuites>